nohup: ignoring input
Starting forge_server (uvicorn)...
Starting OpenClaw gateway (Telegram Polling)...
Full stack is initializing...
Uvicorn PID: 1238945
OpenClaw PID: 1238946
INFO:     Started server process [1238945]
INFO:     Waiting for application startup.
INFO:     Application startup complete.
INFO:     Uvicorn running on http://127.0.0.1:8080 (Press CTRL+C to quit)
[90m2026-04-01T08:57:55.676-04:00[39m [36m[gateway][39m [36mforce: no listeners on port 18789[39m
[90m2026-04-01T08:57:57.350-04:00[39m [35m[canvas][39m [36mhost mounted at http://0.0.0.0:18789/__openclaw__/canvas/ (root /home/mr-snow/.openclaw/canvas)[39m
[90m2026-04-01T08:57:57.352-04:00[39m [36m[gateway][39m [33m⚠️  Gateway is binding to a non-loopback address. Ensure authentication is configured before exposing to public networks.[39m
Alice is now listening in Telegram (Polling Mode).
2026-04-01T08:57:59.359-04:00 Gateway failed to start: another gateway instance is already listening on ws://0.0.0.0:18789
If the gateway is supervised, stop it with: openclaw gateway stop
2026-04-01T08:57:59.479-04:00 Port 18789 is already in use.
2026-04-01T08:57:59.481-04:00 - pid 1238924 mr-snow: openclaw-gateway (*:18789)
2026-04-01T08:57:59.482-04:00 - Gateway already running locally. Stop it (openclaw gateway stop) or use a different port.
2026-04-01T08:57:59.495-04:00 Gateway service appears enabled. Stop it first.
2026-04-01T08:57:59.497-04:00 Tip: openclaw gateway stop
2026-04-01T08:57:59.498-04:00 Or: systemctl --user stop openclaw-gateway.service
Shutting down Alice stack...
/home/mr-snow/alice_cyberland/project/launch.sh: line 1: kill: (1238946) - No such process
INFO:     Shutting down
INFO:     Waiting for application shutdown.
INFO:     Application shutdown complete.
INFO:     Finished server process [1238945]
