14:29:13 telegram.ext.Updater ERROR Exception happened while polling for updates.
Traceback (most recent call last):
  File "/home/mr-snow/alice_cyberland/venv_stable/lib/python3.10/site-packages/telegram/ext/_utils/networkloop.py", line 161, in network_retry_loop
    await do_action()
  File "/home/mr-snow/alice_cyberland/venv_stable/lib/python3.10/site-packages/telegram/ext/_utils/networkloop.py", line 154, in do_action
    action_cb_task.result()
  File "/home/mr-snow/alice_cyberland/venv_stable/lib/python3.10/site-packages/telegram/ext/_updater.py", line 340, in polling_action_cb
    updates = await self.bot.get_updates(
  File "/home/mr-snow/alice_cyberland/venv_stable/lib/python3.10/site-packages/telegram/ext/_extbot.py", line 672, in get_updates
    updates = await super().get_updates(
  File "/home/mr-snow/alice_cyberland/venv_stable/lib/python3.10/site-packages/telegram/_bot.py", line 4865, in get_updates
    await self._post(
  File "/home/mr-snow/alice_cyberland/venv_stable/lib/python3.10/site-packages/telegram/_bot.py", line 704, in _post
    return await self._do_post(
  File "/home/mr-snow/alice_cyberland/venv_stable/lib/python3.10/site-packages/telegram/ext/_extbot.py", line 370, in _do_post
    return await super()._do_post(
  File "/home/mr-snow/alice_cyberland/venv_stable/lib/python3.10/site-packages/telegram/_bot.py", line 733, in _do_post
    result = await request.post(
  File "/home/mr-snow/alice_cyberland/venv_stable/lib/python3.10/site-packages/telegram/request/_baserequest.py", line 198, in post
    result = await self._request_wrapper(
  File "/home/mr-snow/alice_cyberland/venv_stable/lib/python3.10/site-packages/telegram/request/_baserequest.py", line 375, in _request_wrapper
    raise exception
telegram.error.Conflict: Conflict: terminated by other getUpdates request; make sure that only one bot instance is running
14:29:18 telegram.ext.Updater ERROR Exception happened while polling for updates.
Traceback (most recent call last):
  File "/home/mr-snow/alice_cyberland/venv_stable/lib/python3.10/site-packages/telegram/ext/_utils/networkloop.py", line 161, in network_retry_loop
    await do_action()
  File "/home/mr-snow/alice_cyberland/venv_stable/lib/python3.10/site-packages/telegram/ext/_utils/networkloop.py", line 154, in do_action
    action_cb_task.result()
  File "/home/mr-snow/alice_cyberland/venv_stable/lib/python3.10/site-packages/telegram/ext/_updater.py", line 340, in polling_action_cb
    updates = await self.bot.get_updates(
  File "/home/mr-snow/alice_cyberland/venv_stable/lib/python3.10/site-packages/telegram/ext/_extbot.py", line 672, in get_updates
    updates = await super().get_updates(
  File "/home/mr-snow/alice_cyberland/venv_stable/lib/python3.10/site-packages/telegram/_bot.py", line 4865, in get_updates
    await self._post(
  File "/home/mr-snow/alice_cyberland/venv_stable/lib/python3.10/site-packages/telegram/_bot.py", line 704, in _post
    return await self._do_post(
  File "/home/mr-snow/alice_cyberland/venv_stable/lib/python3.10/site-packages/telegram/ext/_extbot.py", line 370, in _do_post
    return await super()._do_post(
  File "/home/mr-snow/alice_cyberland/venv_stable/lib/python3.10/site-packages/telegram/_bot.py", line 733, in _do_post
    result = await request.post(
  File "/home/mr-snow/alice_cyberland/venv_stable/lib/python3.10/site-packages/telegram/request/_baserequest.py", line 198, in post
    result = await self._request_wrapper(
  File "/home/mr-snow/alice_cyberland/venv_stable/lib/python3.10/site-packages/telegram/request/_baserequest.py", line 375, in _request_wrapper
    raise exception
telegram.error.Conflict: Conflict: terminated by other getUpdates request; make sure that only one bot instance is running
14:29:24 telegram.ext.Updater ERROR Exception happened while polling for updates.
Traceback (most recent call last):
  File "/home/mr-snow/alice_cyberland/venv_stable/lib/python3.10/site-packages/telegram/ext/_utils/networkloop.py", line 161, in network_retry_loop
    await do_action()
  File "/home/mr-snow/alice_cyberland/venv_stable/lib/python3.10/site-packages/telegram/ext/_utils/networkloop.py", line 154, in do_action
    action_cb_task.result()
  File "/home/mr-snow/alice_cyberland/venv_stable/lib/python3.10/site-packages/telegram/ext/_updater.py", line 340, in polling_action_cb
    updates = await self.bot.get_updates(
  File "/home/mr-snow/alice_cyberland/venv_stable/lib/python3.10/site-packages/telegram/ext/_extbot.py", line 672, in get_updates
    updates = await super().get_updates(
  File "/home/mr-snow/alice_cyberland/venv_stable/lib/python3.10/site-packages/telegram/_bot.py", line 4865, in get_updates
    await self._post(
  File "/home/mr-snow/alice_cyberland/venv_stable/lib/python3.10/site-packages/telegram/_bot.py", line 704, in _post
    return await self._do_post(
  File "/home/mr-snow/alice_cyberland/venv_stable/lib/python3.10/site-packages/telegram/ext/_extbot.py", line 370, in _do_post
    return await super()._do_post(
  File "/home/mr-snow/alice_cyberland/venv_stable/lib/python3.10/site-packages/telegram/_bot.py", line 733, in _do_post
    result = await request.post(
  File "/home/mr-snow/alice_cyberland/venv_stable/lib/python3.10/site-packages/telegram/request/_baserequest.py", line 198, in post
    result = await self._request_wrapper(
  File "/home/mr-snow/alice_cyberland/venv_stable/lib/python3.10/site-packages/telegram/request/_baserequest.py", line 375, in _request_wrapper
    raise exception
telegram.error.Conflict: Conflict: terminated by other getUpdates request; make sure that only one bot instance is running
14:29:32 telegram.ext.Updater ERROR Exception happened while polling for updates.
Traceback (most recent call last):
  File "/home/mr-snow/alice_cyberland/venv_stable/lib/python3.10/site-packages/telegram/ext/_utils/networkloop.py", line 161, in network_retry_loop
    await do_action()
  File "/home/mr-snow/alice_cyberland/venv_stable/lib/python3.10/site-packages/telegram/ext/_utils/networkloop.py", line 154, in do_action
    action_cb_task.result()
  File "/home/mr-snow/alice_cyberland/venv_stable/lib/python3.10/site-packages/telegram/ext/_updater.py", line 340, in polling_action_cb
    updates = await self.bot.get_updates(
  File "/home/mr-snow/alice_cyberland/venv_stable/lib/python3.10/site-packages/telegram/ext/_extbot.py", line 672, in get_updates
    updates = await super().get_updates(
  File "/home/mr-snow/alice_cyberland/venv_stable/lib/python3.10/site-packages/telegram/_bot.py", line 4865, in get_updates
    await self._post(
  File "/home/mr-snow/alice_cyberland/venv_stable/lib/python3.10/site-packages/telegram/_bot.py", line 704, in _post
    return await self._do_post(
  File "/home/mr-snow/alice_cyberland/venv_stable/lib/python3.10/site-packages/telegram/ext/_extbot.py", line 370, in _do_post
    return await super()._do_post(
  File "/home/mr-snow/alice_cyberland/venv_stable/lib/python3.10/site-packages/telegram/_bot.py", line 733, in _do_post
    result = await request.post(
  File "/home/mr-snow/alice_cyberland/venv_stable/lib/python3.10/site-packages/telegram/request/_baserequest.py", line 198, in post
    result = await self._request_wrapper(
  File "/home/mr-snow/alice_cyberland/venv_stable/lib/python3.10/site-packages/telegram/request/_baserequest.py", line 375, in _request_wrapper
    raise exception
telegram.error.Conflict: Conflict: terminated by other getUpdates request; make sure that only one bot instance is running
14:29:39 telegram.ext.Updater ERROR Exception happened while polling for updates.
Traceback (most recent call last):
  File "/home/mr-snow/alice_cyberland/venv_stable/lib/python3.10/site-packages/telegram/ext/_utils/networkloop.py", line 161, in network_retry_loop
    await do_action()
  File "/home/mr-snow/alice_cyberland/venv_stable/lib/python3.10/site-packages/telegram/ext/_utils/networkloop.py", line 154, in do_action
    action_cb_task.result()
  File "/home/mr-snow/alice_cyberland/venv_stable/lib/python3.10/site-packages/telegram/ext/_updater.py", line 340, in polling_action_cb
    updates = await self.bot.get_updates(
  File "/home/mr-snow/alice_cyberland/venv_stable/lib/python3.10/site-packages/telegram/ext/_extbot.py", line 672, in get_updates
    updates = await super().get_updates(
  File "/home/mr-snow/alice_cyberland/venv_stable/lib/python3.10/site-packages/telegram/_bot.py", line 4865, in get_updates
    await self._post(
  File "/home/mr-snow/alice_cyberland/venv_stable/lib/python3.10/site-packages/telegram/_bot.py", line 704, in _post
    return await self._do_post(
  File "/home/mr-snow/alice_cyberland/venv_stable/lib/python3.10/site-packages/telegram/ext/_extbot.py", line 370, in _do_post
    return await super()._do_post(
  File "/home/mr-snow/alice_cyberland/venv_stable/lib/python3.10/site-packages/telegram/_bot.py", line 733, in _do_post
    result = await request.post(
  File "/home/mr-snow/alice_cyberland/venv_stable/lib/python3.10/site-packages/telegram/request/_baserequest.py", line 198, in post
    result = await self._request_wrapper(
  File "/home/mr-snow/alice_cyberland/venv_stable/lib/python3.10/site-packages/telegram/request/_baserequest.py", line 375, in _request_wrapper
    raise exception
telegram.error.Conflict: Conflict: terminated by other getUpdates request; make sure that only one bot instance is running
14:29:49 telegram.ext.Updater ERROR Exception happened while polling for updates.
Traceback (most recent call last):
  File "/home/mr-snow/alice_cyberland/venv_stable/lib/python3.10/site-packages/telegram/ext/_utils/networkloop.py", line 161, in network_retry_loop
    await do_action()
  File "/home/mr-snow/alice_cyberland/venv_stable/lib/python3.10/site-packages/telegram/ext/_utils/networkloop.py", line 154, in do_action
    action_cb_task.result()
  File "/home/mr-snow/alice_cyberland/venv_stable/lib/python3.10/site-packages/telegram/ext/_updater.py", line 340, in polling_action_cb
    updates = await self.bot.get_updates(
  File "/home/mr-snow/alice_cyberland/venv_stable/lib/python3.10/site-packages/telegram/ext/_extbot.py", line 672, in get_updates
    updates = await super().get_updates(
  File "/home/mr-snow/alice_cyberland/venv_stable/lib/python3.10/site-packages/telegram/_bot.py", line 4865, in get_updates
    await self._post(
  File "/home/mr-snow/alice_cyberland/venv_stable/lib/python3.10/site-packages/telegram/_bot.py", line 704, in _post
    return await self._do_post(
  File "/home/mr-snow/alice_cyberland/venv_stable/lib/python3.10/site-packages/telegram/ext/_extbot.py", line 370, in _do_post
    return await super()._do_post(
  File "/home/mr-snow/alice_cyberland/venv_stable/lib/python3.10/site-packages/telegram/_bot.py", line 733, in _do_post
    result = await request.post(
  File "/home/mr-snow/alice_cyberland/venv_stable/lib/python3.10/site-packages/telegram/request/_baserequest.py", line 198, in post
    result = await self._request_wrapper(
  File "/home/mr-snow/alice_cyberland/venv_stable/lib/python3.10/site-packages/telegram/request/_baserequest.py", line 375, in _request_wrapper
    raise exception
telegram.error.Conflict: Conflict: terminated by other getUpdates request; make sure that only one bot instance is running
14:30:05 telegram.ext.Updater ERROR Exception happened while polling for updates.
Traceback (most recent call last):
  File "/home/mr-snow/alice_cyberland/venv_stable/lib/python3.10/site-packages/telegram/ext/_utils/networkloop.py", line 161, in network_retry_loop
    await do_action()
  File "/home/mr-snow/alice_cyberland/venv_stable/lib/python3.10/site-packages/telegram/ext/_utils/networkloop.py", line 154, in do_action
    action_cb_task.result()
  File "/home/mr-snow/alice_cyberland/venv_stable/lib/python3.10/site-packages/telegram/ext/_updater.py", line 340, in polling_action_cb
    updates = await self.bot.get_updates(
  File "/home/mr-snow/alice_cyberland/venv_stable/lib/python3.10/site-packages/telegram/ext/_extbot.py", line 672, in get_updates
    updates = await super().get_updates(
  File "/home/mr-snow/alice_cyberland/venv_stable/lib/python3.10/site-packages/telegram/_bot.py", line 4865, in get_updates
    await self._post(
  File "/home/mr-snow/alice_cyberland/venv_stable/lib/python3.10/site-packages/telegram/_bot.py", line 704, in _post
    return await self._do_post(
  File "/home/mr-snow/alice_cyberland/venv_stable/lib/python3.10/site-packages/telegram/ext/_extbot.py", line 370, in _do_post
    return await super()._do_post(
  File "/home/mr-snow/alice_cyberland/venv_stable/lib/python3.10/site-packages/telegram/_bot.py", line 733, in _do_post
    result = await request.post(
  File "/home/mr-snow/alice_cyberland/venv_stable/lib/python3.10/site-packages/telegram/request/_baserequest.py", line 198, in post
    result = await self._request_wrapper(
  File "/home/mr-snow/alice_cyberland/venv_stable/lib/python3.10/site-packages/telegram/request/_baserequest.py", line 375, in _request_wrapper
    raise exception
telegram.error.Conflict: Conflict: terminated by other getUpdates request; make sure that only one bot instance is running
14:30:21 telegram.ext.Updater ERROR Exception happened while polling for updates.
Traceback (most recent call last):
  File "/home/mr-snow/alice_cyberland/venv_stable/lib/python3.10/site-packages/telegram/ext/_utils/networkloop.py", line 161, in network_retry_loop
    await do_action()
  File "/home/mr-snow/alice_cyberland/venv_stable/lib/python3.10/site-packages/telegram/ext/_utils/networkloop.py", line 154, in do_action
    action_cb_task.result()
  File "/home/mr-snow/alice_cyberland/venv_stable/lib/python3.10/site-packages/telegram/ext/_updater.py", line 340, in polling_action_cb
    updates = await self.bot.get_updates(
  File "/home/mr-snow/alice_cyberland/venv_stable/lib/python3.10/site-packages/telegram/ext/_extbot.py", line 672, in get_updates
    updates = await super().get_updates(
  File "/home/mr-snow/alice_cyberland/venv_stable/lib/python3.10/site-packages/telegram/_bot.py", line 4865, in get_updates
    await self._post(
  File "/home/mr-snow/alice_cyberland/venv_stable/lib/python3.10/site-packages/telegram/_bot.py", line 704, in _post
    return await self._do_post(
  File "/home/mr-snow/alice_cyberland/venv_stable/lib/python3.10/site-packages/telegram/ext/_extbot.py", line 370, in _do_post
    return await super()._do_post(
  File "/home/mr-snow/alice_cyberland/venv_stable/lib/python3.10/site-packages/telegram/_bot.py", line 733, in _do_post
    result = await request.post(
  File "/home/mr-snow/alice_cyberland/venv_stable/lib/python3.10/site-packages/telegram/request/_baserequest.py", line 198, in post
    result = await self._request_wrapper(
  File "/home/mr-snow/alice_cyberland/venv_stable/lib/python3.10/site-packages/telegram/request/_baserequest.py", line 375, in _request_wrapper
    raise exception
telegram.error.Conflict: Conflict: terminated by other getUpdates request; make sure that only one bot instance is running
14:30:42 telegram.ext.Updater ERROR Exception happened while polling for updates.
Traceback (most recent call last):
  File "/home/mr-snow/alice_cyberland/venv_stable/lib/python3.10/site-packages/telegram/ext/_utils/networkloop.py", line 161, in network_retry_loop
    await do_action()
  File "/home/mr-snow/alice_cyberland/venv_stable/lib/python3.10/site-packages/telegram/ext/_utils/networkloop.py", line 154, in do_action
    action_cb_task.result()
  File "/home/mr-snow/alice_cyberland/venv_stable/lib/python3.10/site-packages/telegram/ext/_updater.py", line 340, in polling_action_cb
    updates = await self.bot.get_updates(
  File "/home/mr-snow/alice_cyberland/venv_stable/lib/python3.10/site-packages/telegram/ext/_extbot.py", line 672, in get_updates
    updates = await super().get_updates(
  File "/home/mr-snow/alice_cyberland/venv_stable/lib/python3.10/site-packages/telegram/_bot.py", line 4865, in get_updates
    await self._post(
  File "/home/mr-snow/alice_cyberland/venv_stable/lib/python3.10/site-packages/telegram/_bot.py", line 704, in _post
    return await self._do_post(
  File "/home/mr-snow/alice_cyberland/venv_stable/lib/python3.10/site-packages/telegram/ext/_extbot.py", line 370, in _do_post
    return await super()._do_post(
  File "/home/mr-snow/alice_cyberland/venv_stable/lib/python3.10/site-packages/telegram/_bot.py", line 733, in _do_post
    result = await request.post(
  File "/home/mr-snow/alice_cyberland/venv_stable/lib/python3.10/site-packages/telegram/request/_baserequest.py", line 198, in post
    result = await self._request_wrapper(
  File "/home/mr-snow/alice_cyberland/venv_stable/lib/python3.10/site-packages/telegram/request/_baserequest.py", line 375, in _request_wrapper
    raise exception
telegram.error.Conflict: Conflict: terminated by other getUpdates request; make sure that only one bot instance is running
14:31:12 telegram.ext.Updater ERROR Exception happened while polling for updates.
Traceback (most recent call last):
  File "/home/mr-snow/alice_cyberland/venv_stable/lib/python3.10/site-packages/telegram/ext/_utils/networkloop.py", line 161, in network_retry_loop
    await do_action()
  File "/home/mr-snow/alice_cyberland/venv_stable/lib/python3.10/site-packages/telegram/ext/_utils/networkloop.py", line 154, in do_action
    action_cb_task.result()
  File "/home/mr-snow/alice_cyberland/venv_stable/lib/python3.10/site-packages/telegram/ext/_updater.py", line 340, in polling_action_cb
    updates = await self.bot.get_updates(
  File "/home/mr-snow/alice_cyberland/venv_stable/lib/python3.10/site-packages/telegram/ext/_extbot.py", line 672, in get_updates
    updates = await super().get_updates(
  File "/home/mr-snow/alice_cyberland/venv_stable/lib/python3.10/site-packages/telegram/_bot.py", line 4865, in get_updates
    await self._post(
  File "/home/mr-snow/alice_cyberland/venv_stable/lib/python3.10/site-packages/telegram/_bot.py", line 704, in _post
    return await self._do_post(
  File "/home/mr-snow/alice_cyberland/venv_stable/lib/python3.10/site-packages/telegram/ext/_extbot.py", line 370, in _do_post
    return await super()._do_post(
  File "/home/mr-snow/alice_cyberland/venv_stable/lib/python3.10/site-packages/telegram/_bot.py", line 733, in _do_post
    result = await request.post(
  File "/home/mr-snow/alice_cyberland/venv_stable/lib/python3.10/site-packages/telegram/request/_baserequest.py", line 198, in post
    result = await self._request_wrapper(
  File "/home/mr-snow/alice_cyberland/venv_stable/lib/python3.10/site-packages/telegram/request/_baserequest.py", line 375, in _request_wrapper
    raise exception
telegram.error.Conflict: Conflict: terminated by other getUpdates request; make sure that only one bot instance is running
14:31:47 telegram.ext.Updater ERROR Exception happened while polling for updates.
Traceback (most recent call last):
  File "/home/mr-snow/alice_cyberland/venv_stable/lib/python3.10/site-packages/telegram/ext/_utils/networkloop.py", line 161, in network_retry_loop
    await do_action()
  File "/home/mr-snow/alice_cyberland/venv_stable/lib/python3.10/site-packages/telegram/ext/_utils/networkloop.py", line 154, in do_action
    action_cb_task.result()
  File "/home/mr-snow/alice_cyberland/venv_stable/lib/python3.10/site-packages/telegram/ext/_updater.py", line 340, in polling_action_cb
    updates = await self.bot.get_updates(
  File "/home/mr-snow/alice_cyberland/venv_stable/lib/python3.10/site-packages/telegram/ext/_extbot.py", line 672, in get_updates
    updates = await super().get_updates(
  File "/home/mr-snow/alice_cyberland/venv_stable/lib/python3.10/site-packages/telegram/_bot.py", line 4865, in get_updates
    await self._post(
  File "/home/mr-snow/alice_cyberland/venv_stable/lib/python3.10/site-packages/telegram/_bot.py", line 704, in _post
    return await self._do_post(
  File "/home/mr-snow/alice_cyberland/venv_stable/lib/python3.10/site-packages/telegram/ext/_extbot.py", line 370, in _do_post
    return await super()._do_post(
  File "/home/mr-snow/alice_cyberland/venv_stable/lib/python3.10/site-packages/telegram/_bot.py", line 733, in _do_post
    result = await request.post(
  File "/home/mr-snow/alice_cyberland/venv_stable/lib/python3.10/site-packages/telegram/request/_baserequest.py", line 198, in post
    result = await self._request_wrapper(
  File "/home/mr-snow/alice_cyberland/venv_stable/lib/python3.10/site-packages/telegram/request/_baserequest.py", line 375, in _request_wrapper
    raise exception
telegram.error.Conflict: Conflict: terminated by other getUpdates request; make sure that only one bot instance is running
14:32:21 telegram.ext.Updater ERROR Exception happened while polling for updates.
Traceback (most recent call last):
  File "/home/mr-snow/alice_cyberland/venv_stable/lib/python3.10/site-packages/telegram/ext/_utils/networkloop.py", line 161, in network_retry_loop
    await do_action()
  File "/home/mr-snow/alice_cyberland/venv_stable/lib/python3.10/site-packages/telegram/ext/_utils/networkloop.py", line 154, in do_action
    action_cb_task.result()
  File "/home/mr-snow/alice_cyberland/venv_stable/lib/python3.10/site-packages/telegram/ext/_updater.py", line 340, in polling_action_cb
    updates = await self.bot.get_updates(
  File "/home/mr-snow/alice_cyberland/venv_stable/lib/python3.10/site-packages/telegram/ext/_extbot.py", line 672, in get_updates
    updates = await super().get_updates(
  File "/home/mr-snow/alice_cyberland/venv_stable/lib/python3.10/site-packages/telegram/_bot.py", line 4865, in get_updates
    await self._post(
  File "/home/mr-snow/alice_cyberland/venv_stable/lib/python3.10/site-packages/telegram/_bot.py", line 704, in _post
    return await self._do_post(
  File "/home/mr-snow/alice_cyberland/venv_stable/lib/python3.10/site-packages/telegram/ext/_extbot.py", line 370, in _do_post
    return await super()._do_post(
  File "/home/mr-snow/alice_cyberland/venv_stable/lib/python3.10/site-packages/telegram/_bot.py", line 733, in _do_post
    result = await request.post(
  File "/home/mr-snow/alice_cyberland/venv_stable/lib/python3.10/site-packages/telegram/request/_baserequest.py", line 198, in post
    result = await self._request_wrapper(
  File "/home/mr-snow/alice_cyberland/venv_stable/lib/python3.10/site-packages/telegram/request/_baserequest.py", line 375, in _request_wrapper
    raise exception
telegram.error.Conflict: Conflict: terminated by other getUpdates request; make sure that only one bot instance is running
14:32:56 telegram.ext.Updater ERROR Exception happened while polling for updates.
Traceback (most recent call last):
  File "/home/mr-snow/alice_cyberland/venv_stable/lib/python3.10/site-packages/telegram/ext/_utils/networkloop.py", line 161, in network_retry_loop
    await do_action()
  File "/home/mr-snow/alice_cyberland/venv_stable/lib/python3.10/site-packages/telegram/ext/_utils/networkloop.py", line 154, in do_action
    action_cb_task.result()
  File "/home/mr-snow/alice_cyberland/venv_stable/lib/python3.10/site-packages/telegram/ext/_updater.py", line 340, in polling_action_cb
    updates = await self.bot.get_updates(
  File "/home/mr-snow/alice_cyberland/venv_stable/lib/python3.10/site-packages/telegram/ext/_extbot.py", line 672, in get_updates
    updates = await super().get_updates(
  File "/home/mr-snow/alice_cyberland/venv_stable/lib/python3.10/site-packages/telegram/_bot.py", line 4865, in get_updates
    await self._post(
  File "/home/mr-snow/alice_cyberland/venv_stable/lib/python3.10/site-packages/telegram/_bot.py", line 704, in _post
    return await self._do_post(
  File "/home/mr-snow/alice_cyberland/venv_stable/lib/python3.10/site-packages/telegram/ext/_extbot.py", line 370, in _do_post
    return await super()._do_post(
  File "/home/mr-snow/alice_cyberland/venv_stable/lib/python3.10/site-packages/telegram/_bot.py", line 733, in _do_post
    result = await request.post(
  File "/home/mr-snow/alice_cyberland/venv_stable/lib/python3.10/site-packages/telegram/request/_baserequest.py", line 198, in post
    result = await self._request_wrapper(
  File "/home/mr-snow/alice_cyberland/venv_stable/lib/python3.10/site-packages/telegram/request/_baserequest.py", line 375, in _request_wrapper
    raise exception
telegram.error.Conflict: Conflict: terminated by other getUpdates request; make sure that only one bot instance is running
14:33:30 telegram.ext.Updater ERROR Exception happened while polling for updates.
Traceback (most recent call last):
  File "/home/mr-snow/alice_cyberland/venv_stable/lib/python3.10/site-packages/telegram/ext/_utils/networkloop.py", line 161, in network_retry_loop
    await do_action()
  File "/home/mr-snow/alice_cyberland/venv_stable/lib/python3.10/site-packages/telegram/ext/_utils/networkloop.py", line 154, in do_action
    action_cb_task.result()
  File "/home/mr-snow/alice_cyberland/venv_stable/lib/python3.10/site-packages/telegram/ext/_updater.py", line 340, in polling_action_cb
    updates = await self.bot.get_updates(
  File "/home/mr-snow/alice_cyberland/venv_stable/lib/python3.10/site-packages/telegram/ext/_extbot.py", line 672, in get_updates
    updates = await super().get_updates(
  File "/home/mr-snow/alice_cyberland/venv_stable/lib/python3.10/site-packages/telegram/_bot.py", line 4865, in get_updates
    await self._post(
  File "/home/mr-snow/alice_cyberland/venv_stable/lib/python3.10/site-packages/telegram/_bot.py", line 704, in _post
    return await self._do_post(
  File "/home/mr-snow/alice_cyberland/venv_stable/lib/python3.10/site-packages/telegram/ext/_extbot.py", line 370, in _do_post
    return await super()._do_post(
  File "/home/mr-snow/alice_cyberland/venv_stable/lib/python3.10/site-packages/telegram/_bot.py", line 733, in _do_post
    result = await request.post(
  File "/home/mr-snow/alice_cyberland/venv_stable/lib/python3.10/site-packages/telegram/request/_baserequest.py", line 198, in post
    result = await self._request_wrapper(
  File "/home/mr-snow/alice_cyberland/venv_stable/lib/python3.10/site-packages/telegram/request/_baserequest.py", line 375, in _request_wrapper
    raise exception
telegram.error.Conflict: Conflict: terminated by other getUpdates request; make sure that only one bot instance is running
14:34:04 telegram.ext.Updater ERROR Exception happened while polling for updates.
Traceback (most recent call last):
  File "/home/mr-snow/alice_cyberland/venv_stable/lib/python3.10/site-packages/telegram/ext/_utils/networkloop.py", line 161, in network_retry_loop
    await do_action()
  File "/home/mr-snow/alice_cyberland/venv_stable/lib/python3.10/site-packages/telegram/ext/_utils/networkloop.py", line 154, in do_action
    action_cb_task.result()
  File "/home/mr-snow/alice_cyberland/venv_stable/lib/python3.10/site-packages/telegram/ext/_updater.py", line 340, in polling_action_cb
    updates = await self.bot.get_updates(
  File "/home/mr-snow/alice_cyberland/venv_stable/lib/python3.10/site-packages/telegram/ext/_extbot.py", line 672, in get_updates
    updates = await super().get_updates(
  File "/home/mr-snow/alice_cyberland/venv_stable/lib/python3.10/site-packages/telegram/_bot.py", line 4865, in get_updates
    await self._post(
  File "/home/mr-snow/alice_cyberland/venv_stable/lib/python3.10/site-packages/telegram/_bot.py", line 704, in _post
    return await self._do_post(
  File "/home/mr-snow/alice_cyberland/venv_stable/lib/python3.10/site-packages/telegram/ext/_extbot.py", line 370, in _do_post
    return await super()._do_post(
  File "/home/mr-snow/alice_cyberland/venv_stable/lib/python3.10/site-packages/telegram/_bot.py", line 733, in _do_post
    result = await request.post(
  File "/home/mr-snow/alice_cyberland/venv_stable/lib/python3.10/site-packages/telegram/request/_baserequest.py", line 198, in post
    result = await self._request_wrapper(
  File "/home/mr-snow/alice_cyberland/venv_stable/lib/python3.10/site-packages/telegram/request/_baserequest.py", line 375, in _request_wrapper
    raise exception
telegram.error.Conflict: Conflict: terminated by other getUpdates request; make sure that only one bot instance is running
14:34:39 telegram.ext.Updater ERROR Exception happened while polling for updates.
Traceback (most recent call last):
  File "/home/mr-snow/alice_cyberland/venv_stable/lib/python3.10/site-packages/telegram/ext/_utils/networkloop.py", line 161, in network_retry_loop
    await do_action()
  File "/home/mr-snow/alice_cyberland/venv_stable/lib/python3.10/site-packages/telegram/ext/_utils/networkloop.py", line 154, in do_action
    action_cb_task.result()
  File "/home/mr-snow/alice_cyberland/venv_stable/lib/python3.10/site-packages/telegram/ext/_updater.py", line 340, in polling_action_cb
    updates = await self.bot.get_updates(
  File "/home/mr-snow/alice_cyberland/venv_stable/lib/python3.10/site-packages/telegram/ext/_extbot.py", line 672, in get_updates
    updates = await super().get_updates(
  File "/home/mr-snow/alice_cyberland/venv_stable/lib/python3.10/site-packages/telegram/_bot.py", line 4865, in get_updates
    await self._post(
  File "/home/mr-snow/alice_cyberland/venv_stable/lib/python3.10/site-packages/telegram/_bot.py", line 704, in _post
    return await self._do_post(
  File "/home/mr-snow/alice_cyberland/venv_stable/lib/python3.10/site-packages/telegram/ext/_extbot.py", line 370, in _do_post
    return await super()._do_post(
  File "/home/mr-snow/alice_cyberland/venv_stable/lib/python3.10/site-packages/telegram/_bot.py", line 733, in _do_post
    result = await request.post(
  File "/home/mr-snow/alice_cyberland/venv_stable/lib/python3.10/site-packages/telegram/request/_baserequest.py", line 198, in post
    result = await self._request_wrapper(
  File "/home/mr-snow/alice_cyberland/venv_stable/lib/python3.10/site-packages/telegram/request/_baserequest.py", line 375, in _request_wrapper
    raise exception
telegram.error.Conflict: Conflict: terminated by other getUpdates request; make sure that only one bot instance is running
14:35:13 telegram.ext.Updater ERROR Exception happened while polling for updates.
Traceback (most recent call last):
  File "/home/mr-snow/alice_cyberland/venv_stable/lib/python3.10/site-packages/telegram/ext/_utils/networkloop.py", line 161, in network_retry_loop
    await do_action()
  File "/home/mr-snow/alice_cyberland/venv_stable/lib/python3.10/site-packages/telegram/ext/_utils/networkloop.py", line 154, in do_action
    action_cb_task.result()
  File "/home/mr-snow/alice_cyberland/venv_stable/lib/python3.10/site-packages/telegram/ext/_updater.py", line 340, in polling_action_cb
    updates = await self.bot.get_updates(
  File "/home/mr-snow/alice_cyberland/venv_stable/lib/python3.10/site-packages/telegram/ext/_extbot.py", line 672, in get_updates
    updates = await super().get_updates(
  File "/home/mr-snow/alice_cyberland/venv_stable/lib/python3.10/site-packages/telegram/_bot.py", line 4865, in get_updates
    await self._post(
  File "/home/mr-snow/alice_cyberland/venv_stable/lib/python3.10/site-packages/telegram/_bot.py", line 704, in _post
    return await self._do_post(
  File "/home/mr-snow/alice_cyberland/venv_stable/lib/python3.10/site-packages/telegram/ext/_extbot.py", line 370, in _do_post
    return await super()._do_post(
  File "/home/mr-snow/alice_cyberland/venv_stable/lib/python3.10/site-packages/telegram/_bot.py", line 733, in _do_post
    result = await request.post(
  File "/home/mr-snow/alice_cyberland/venv_stable/lib/python3.10/site-packages/telegram/request/_baserequest.py", line 198, in post
    result = await self._request_wrapper(
  File "/home/mr-snow/alice_cyberland/venv_stable/lib/python3.10/site-packages/telegram/request/_baserequest.py", line 375, in _request_wrapper
    raise exception
telegram.error.Conflict: Conflict: terminated by other getUpdates request; make sure that only one bot instance is running
14:35:48 telegram.ext.Updater ERROR Exception happened while polling for updates.
Traceback (most recent call last):
  File "/home/mr-snow/alice_cyberland/venv_stable/lib/python3.10/site-packages/telegram/ext/_utils/networkloop.py", line 161, in network_retry_loop
    await do_action()
  File "/home/mr-snow/alice_cyberland/venv_stable/lib/python3.10/site-packages/telegram/ext/_utils/networkloop.py", line 154, in do_action
    action_cb_task.result()
  File "/home/mr-snow/alice_cyberland/venv_stable/lib/python3.10/site-packages/telegram/ext/_updater.py", line 340, in polling_action_cb
    updates = await self.bot.get_updates(
  File "/home/mr-snow/alice_cyberland/venv_stable/lib/python3.10/site-packages/telegram/ext/_extbot.py", line 672, in get_updates
    updates = await super().get_updates(
  File "/home/mr-snow/alice_cyberland/venv_stable/lib/python3.10/site-packages/telegram/_bot.py", line 4865, in get_updates
    await self._post(
  File "/home/mr-snow/alice_cyberland/venv_stable/lib/python3.10/site-packages/telegram/_bot.py", line 704, in _post
    return await self._do_post(
  File "/home/mr-snow/alice_cyberland/venv_stable/lib/python3.10/site-packages/telegram/ext/_extbot.py", line 370, in _do_post
    return await super()._do_post(
  File "/home/mr-snow/alice_cyberland/venv_stable/lib/python3.10/site-packages/telegram/_bot.py", line 733, in _do_post
    result = await request.post(
  File "/home/mr-snow/alice_cyberland/venv_stable/lib/python3.10/site-packages/telegram/request/_baserequest.py", line 198, in post
    result = await self._request_wrapper(
  File "/home/mr-snow/alice_cyberland/venv_stable/lib/python3.10/site-packages/telegram/request/_baserequest.py", line 375, in _request_wrapper
    raise exception
telegram.error.Conflict: Conflict: terminated by other getUpdates request; make sure that only one bot instance is running
14:36:22 telegram.ext.Updater ERROR Exception happened while polling for updates.
Traceback (most recent call last):
  File "/home/mr-snow/alice_cyberland/venv_stable/lib/python3.10/site-packages/telegram/ext/_utils/networkloop.py", line 161, in network_retry_loop
    await do_action()
  File "/home/mr-snow/alice_cyberland/venv_stable/lib/python3.10/site-packages/telegram/ext/_utils/networkloop.py", line 154, in do_action
    action_cb_task.result()
  File "/home/mr-snow/alice_cyberland/venv_stable/lib/python3.10/site-packages/telegram/ext/_updater.py", line 340, in polling_action_cb
    updates = await self.bot.get_updates(
  File "/home/mr-snow/alice_cyberland/venv_stable/lib/python3.10/site-packages/telegram/ext/_extbot.py", line 672, in get_updates
    updates = await super().get_updates(
  File "/home/mr-snow/alice_cyberland/venv_stable/lib/python3.10/site-packages/telegram/_bot.py", line 4865, in get_updates
    await self._post(
  File "/home/mr-snow/alice_cyberland/venv_stable/lib/python3.10/site-packages/telegram/_bot.py", line 704, in _post
    return await self._do_post(
  File "/home/mr-snow/alice_cyberland/venv_stable/lib/python3.10/site-packages/telegram/ext/_extbot.py", line 370, in _do_post
    return await super()._do_post(
  File "/home/mr-snow/alice_cyberland/venv_stable/lib/python3.10/site-packages/telegram/_bot.py", line 733, in _do_post
    result = await request.post(
  File "/home/mr-snow/alice_cyberland/venv_stable/lib/python3.10/site-packages/telegram/request/_baserequest.py", line 198, in post
    result = await self._request_wrapper(
  File "/home/mr-snow/alice_cyberland/venv_stable/lib/python3.10/site-packages/telegram/request/_baserequest.py", line 375, in _request_wrapper
    raise exception
telegram.error.Conflict: Conflict: terminated by other getUpdates request; make sure that only one bot instance is running
14:36:56 telegram.ext.Updater ERROR Exception happened while polling for updates.
Traceback (most recent call last):
  File "/home/mr-snow/alice_cyberland/venv_stable/lib/python3.10/site-packages/telegram/ext/_utils/networkloop.py", line 161, in network_retry_loop
    await do_action()
  File "/home/mr-snow/alice_cyberland/venv_stable/lib/python3.10/site-packages/telegram/ext/_utils/networkloop.py", line 154, in do_action
    action_cb_task.result()
  File "/home/mr-snow/alice_cyberland/venv_stable/lib/python3.10/site-packages/telegram/ext/_updater.py", line 340, in polling_action_cb
    updates = await self.bot.get_updates(
  File "/home/mr-snow/alice_cyberland/venv_stable/lib/python3.10/site-packages/telegram/ext/_extbot.py", line 672, in get_updates
    updates = await super().get_updates(
  File "/home/mr-snow/alice_cyberland/venv_stable/lib/python3.10/site-packages/telegram/_bot.py", line 4865, in get_updates
    await self._post(
  File "/home/mr-snow/alice_cyberland/venv_stable/lib/python3.10/site-packages/telegram/_bot.py", line 704, in _post
    return await self._do_post(
  File "/home/mr-snow/alice_cyberland/venv_stable/lib/python3.10/site-packages/telegram/ext/_extbot.py", line 370, in _do_post
    return await super()._do_post(
  File "/home/mr-snow/alice_cyberland/venv_stable/lib/python3.10/site-packages/telegram/_bot.py", line 733, in _do_post
    result = await request.post(
  File "/home/mr-snow/alice_cyberland/venv_stable/lib/python3.10/site-packages/telegram/request/_baserequest.py", line 198, in post
    result = await self._request_wrapper(
  File "/home/mr-snow/alice_cyberland/venv_stable/lib/python3.10/site-packages/telegram/request/_baserequest.py", line 375, in _request_wrapper
    raise exception
telegram.error.Conflict: Conflict: terminated by other getUpdates request; make sure that only one bot instance is running
14:37:31 telegram.ext.Updater ERROR Exception happened while polling for updates.
Traceback (most recent call last):
  File "/home/mr-snow/alice_cyberland/venv_stable/lib/python3.10/site-packages/telegram/ext/_utils/networkloop.py", line 161, in network_retry_loop
    await do_action()
  File "/home/mr-snow/alice_cyberland/venv_stable/lib/python3.10/site-packages/telegram/ext/_utils/networkloop.py", line 154, in do_action
    action_cb_task.result()
  File "/home/mr-snow/alice_cyberland/venv_stable/lib/python3.10/site-packages/telegram/ext/_updater.py", line 340, in polling_action_cb
    updates = await self.bot.get_updates(
  File "/home/mr-snow/alice_cyberland/venv_stable/lib/python3.10/site-packages/telegram/ext/_extbot.py", line 672, in get_updates
    updates = await super().get_updates(
  File "/home/mr-snow/alice_cyberland/venv_stable/lib/python3.10/site-packages/telegram/_bot.py", line 4865, in get_updates
    await self._post(
  File "/home/mr-snow/alice_cyberland/venv_stable/lib/python3.10/site-packages/telegram/_bot.py", line 704, in _post
    return await self._do_post(
  File "/home/mr-snow/alice_cyberland/venv_stable/lib/python3.10/site-packages/telegram/ext/_extbot.py", line 370, in _do_post
    return await super()._do_post(
  File "/home/mr-snow/alice_cyberland/venv_stable/lib/python3.10/site-packages/telegram/_bot.py", line 733, in _do_post
    result = await request.post(
  File "/home/mr-snow/alice_cyberland/venv_stable/lib/python3.10/site-packages/telegram/request/_baserequest.py", line 198, in post
    result = await self._request_wrapper(
  File "/home/mr-snow/alice_cyberland/venv_stable/lib/python3.10/site-packages/telegram/request/_baserequest.py", line 375, in _request_wrapper
    raise exception
telegram.error.Conflict: Conflict: terminated by other getUpdates request; make sure that only one bot instance is running
14:38:05 telegram.ext.Updater ERROR Exception happened while polling for updates.
Traceback (most recent call last):
  File "/home/mr-snow/alice_cyberland/venv_stable/lib/python3.10/site-packages/telegram/ext/_utils/networkloop.py", line 161, in network_retry_loop
    await do_action()
  File "/home/mr-snow/alice_cyberland/venv_stable/lib/python3.10/site-packages/telegram/ext/_utils/networkloop.py", line 154, in do_action
    action_cb_task.result()
  File "/home/mr-snow/alice_cyberland/venv_stable/lib/python3.10/site-packages/telegram/ext/_updater.py", line 340, in polling_action_cb
    updates = await self.bot.get_updates(
  File "/home/mr-snow/alice_cyberland/venv_stable/lib/python3.10/site-packages/telegram/ext/_extbot.py", line 672, in get_updates
    updates = await super().get_updates(
  File "/home/mr-snow/alice_cyberland/venv_stable/lib/python3.10/site-packages/telegram/_bot.py", line 4865, in get_updates
    await self._post(
  File "/home/mr-snow/alice_cyberland/venv_stable/lib/python3.10/site-packages/telegram/_bot.py", line 704, in _post
    return await self._do_post(
  File "/home/mr-snow/alice_cyberland/venv_stable/lib/python3.10/site-packages/telegram/ext/_extbot.py", line 370, in _do_post
    return await super()._do_post(
  File "/home/mr-snow/alice_cyberland/venv_stable/lib/python3.10/site-packages/telegram/_bot.py", line 733, in _do_post
    result = await request.post(
  File "/home/mr-snow/alice_cyberland/venv_stable/lib/python3.10/site-packages/telegram/request/_baserequest.py", line 198, in post
    result = await self._request_wrapper(
  File "/home/mr-snow/alice_cyberland/venv_stable/lib/python3.10/site-packages/telegram/request/_baserequest.py", line 375, in _request_wrapper
    raise exception
telegram.error.Conflict: Conflict: terminated by other getUpdates request; make sure that only one bot instance is running
14:38:40 telegram.ext.Updater ERROR Exception happened while polling for updates.
Traceback (most recent call last):
  File "/home/mr-snow/alice_cyberland/venv_stable/lib/python3.10/site-packages/telegram/ext/_utils/networkloop.py", line 161, in network_retry_loop
    await do_action()
  File "/home/mr-snow/alice_cyberland/venv_stable/lib/python3.10/site-packages/telegram/ext/_utils/networkloop.py", line 154, in do_action
    action_cb_task.result()
  File "/home/mr-snow/alice_cyberland/venv_stable/lib/python3.10/site-packages/telegram/ext/_updater.py", line 340, in polling_action_cb
    updates = await self.bot.get_updates(
  File "/home/mr-snow/alice_cyberland/venv_stable/lib/python3.10/site-packages/telegram/ext/_extbot.py", line 672, in get_updates
    updates = await super().get_updates(
  File "/home/mr-snow/alice_cyberland/venv_stable/lib/python3.10/site-packages/telegram/_bot.py", line 4865, in get_updates
    await self._post(
  File "/home/mr-snow/alice_cyberland/venv_stable/lib/python3.10/site-packages/telegram/_bot.py", line 704, in _post
    return await self._do_post(
  File "/home/mr-snow/alice_cyberland/venv_stable/lib/python3.10/site-packages/telegram/ext/_extbot.py", line 370, in _do_post
    return await super()._do_post(
  File "/home/mr-snow/alice_cyberland/venv_stable/lib/python3.10/site-packages/telegram/_bot.py", line 733, in _do_post
    result = await request.post(
  File "/home/mr-snow/alice_cyberland/venv_stable/lib/python3.10/site-packages/telegram/request/_baserequest.py", line 198, in post
    result = await self._request_wrapper(
  File "/home/mr-snow/alice_cyberland/venv_stable/lib/python3.10/site-packages/telegram/request/_baserequest.py", line 375, in _request_wrapper
    raise exception
telegram.error.Conflict: Conflict: terminated by other getUpdates request; make sure that only one bot instance is running
14:39:14 telegram.ext.Updater ERROR Exception happened while polling for updates.
Traceback (most recent call last):
  File "/home/mr-snow/alice_cyberland/venv_stable/lib/python3.10/site-packages/telegram/ext/_utils/networkloop.py", line 161, in network_retry_loop
    await do_action()
  File "/home/mr-snow/alice_cyberland/venv_stable/lib/python3.10/site-packages/telegram/ext/_utils/networkloop.py", line 154, in do_action
    action_cb_task.result()
  File "/home/mr-snow/alice_cyberland/venv_stable/lib/python3.10/site-packages/telegram/ext/_updater.py", line 340, in polling_action_cb
    updates = await self.bot.get_updates(
  File "/home/mr-snow/alice_cyberland/venv_stable/lib/python3.10/site-packages/telegram/ext/_extbot.py", line 672, in get_updates
    updates = await super().get_updates(
  File "/home/mr-snow/alice_cyberland/venv_stable/lib/python3.10/site-packages/telegram/_bot.py", line 4865, in get_updates
    await self._post(
  File "/home/mr-snow/alice_cyberland/venv_stable/lib/python3.10/site-packages/telegram/_bot.py", line 704, in _post
    return await self._do_post(
  File "/home/mr-snow/alice_cyberland/venv_stable/lib/python3.10/site-packages/telegram/ext/_extbot.py", line 370, in _do_post
    return await super()._do_post(
  File "/home/mr-snow/alice_cyberland/venv_stable/lib/python3.10/site-packages/telegram/_bot.py", line 733, in _do_post
    result = await request.post(
  File "/home/mr-snow/alice_cyberland/venv_stable/lib/python3.10/site-packages/telegram/request/_baserequest.py", line 198, in post
    result = await self._request_wrapper(
  File "/home/mr-snow/alice_cyberland/venv_stable/lib/python3.10/site-packages/telegram/request/_baserequest.py", line 375, in _request_wrapper
    raise exception
telegram.error.Conflict: Conflict: terminated by other getUpdates request; make sure that only one bot instance is running
14:39:48 telegram.ext.Updater ERROR Exception happened while polling for updates.
Traceback (most recent call last):
  File "/home/mr-snow/alice_cyberland/venv_stable/lib/python3.10/site-packages/telegram/ext/_utils/networkloop.py", line 161, in network_retry_loop
    await do_action()
  File "/home/mr-snow/alice_cyberland/venv_stable/lib/python3.10/site-packages/telegram/ext/_utils/networkloop.py", line 154, in do_action
    action_cb_task.result()
  File "/home/mr-snow/alice_cyberland/venv_stable/lib/python3.10/site-packages/telegram/ext/_updater.py", line 340, in polling_action_cb
    updates = await self.bot.get_updates(
  File "/home/mr-snow/alice_cyberland/venv_stable/lib/python3.10/site-packages/telegram/ext/_extbot.py", line 672, in get_updates
    updates = await super().get_updates(
  File "/home/mr-snow/alice_cyberland/venv_stable/lib/python3.10/site-packages/telegram/_bot.py", line 4865, in get_updates
    await self._post(
  File "/home/mr-snow/alice_cyberland/venv_stable/lib/python3.10/site-packages/telegram/_bot.py", line 704, in _post
    return await self._do_post(
  File "/home/mr-snow/alice_cyberland/venv_stable/lib/python3.10/site-packages/telegram/ext/_extbot.py", line 370, in _do_post
    return await super()._do_post(
  File "/home/mr-snow/alice_cyberland/venv_stable/lib/python3.10/site-packages/telegram/_bot.py", line 733, in _do_post
    result = await request.post(
  File "/home/mr-snow/alice_cyberland/venv_stable/lib/python3.10/site-packages/telegram/request/_baserequest.py", line 198, in post
    result = await self._request_wrapper(
  File "/home/mr-snow/alice_cyberland/venv_stable/lib/python3.10/site-packages/telegram/request/_baserequest.py", line 375, in _request_wrapper
    raise exception
telegram.error.Conflict: Conflict: terminated by other getUpdates request; make sure that only one bot instance is running
14:40:23 telegram.ext.Updater ERROR Exception happened while polling for updates.
Traceback (most recent call last):
  File "/home/mr-snow/alice_cyberland/venv_stable/lib/python3.10/site-packages/telegram/ext/_utils/networkloop.py", line 161, in network_retry_loop
    await do_action()
  File "/home/mr-snow/alice_cyberland/venv_stable/lib/python3.10/site-packages/telegram/ext/_utils/networkloop.py", line 154, in do_action
    action_cb_task.result()
  File "/home/mr-snow/alice_cyberland/venv_stable/lib/python3.10/site-packages/telegram/ext/_updater.py", line 340, in polling_action_cb
    updates = await self.bot.get_updates(
  File "/home/mr-snow/alice_cyberland/venv_stable/lib/python3.10/site-packages/telegram/ext/_extbot.py", line 672, in get_updates
    updates = await super().get_updates(
  File "/home/mr-snow/alice_cyberland/venv_stable/lib/python3.10/site-packages/telegram/_bot.py", line 4865, in get_updates
    await self._post(
  File "/home/mr-snow/alice_cyberland/venv_stable/lib/python3.10/site-packages/telegram/_bot.py", line 704, in _post
    return await self._do_post(
  File "/home/mr-snow/alice_cyberland/venv_stable/lib/python3.10/site-packages/telegram/ext/_extbot.py", line 370, in _do_post
    return await super()._do_post(
  File "/home/mr-snow/alice_cyberland/venv_stable/lib/python3.10/site-packages/telegram/_bot.py", line 733, in _do_post
    result = await request.post(
  File "/home/mr-snow/alice_cyberland/venv_stable/lib/python3.10/site-packages/telegram/request/_baserequest.py", line 198, in post
    result = await self._request_wrapper(
  File "/home/mr-snow/alice_cyberland/venv_stable/lib/python3.10/site-packages/telegram/request/_baserequest.py", line 375, in _request_wrapper
    raise exception
telegram.error.Conflict: Conflict: terminated by other getUpdates request; make sure that only one bot instance is running
14:40:57 telegram.ext.Updater ERROR Exception happened while polling for updates.
Traceback (most recent call last):
  File "/home/mr-snow/alice_cyberland/venv_stable/lib/python3.10/site-packages/telegram/ext/_utils/networkloop.py", line 161, in network_retry_loop
    await do_action()
  File "/home/mr-snow/alice_cyberland/venv_stable/lib/python3.10/site-packages/telegram/ext/_utils/networkloop.py", line 154, in do_action
    action_cb_task.result()
  File "/home/mr-snow/alice_cyberland/venv_stable/lib/python3.10/site-packages/telegram/ext/_updater.py", line 340, in polling_action_cb
    updates = await self.bot.get_updates(
  File "/home/mr-snow/alice_cyberland/venv_stable/lib/python3.10/site-packages/telegram/ext/_extbot.py", line 672, in get_updates
    updates = await super().get_updates(
  File "/home/mr-snow/alice_cyberland/venv_stable/lib/python3.10/site-packages/telegram/_bot.py", line 4865, in get_updates
    await self._post(
  File "/home/mr-snow/alice_cyberland/venv_stable/lib/python3.10/site-packages/telegram/_bot.py", line 704, in _post
    return await self._do_post(
  File "/home/mr-snow/alice_cyberland/venv_stable/lib/python3.10/site-packages/telegram/ext/_extbot.py", line 370, in _do_post
    return await super()._do_post(
  File "/home/mr-snow/alice_cyberland/venv_stable/lib/python3.10/site-packages/telegram/_bot.py", line 733, in _do_post
    result = await request.post(
  File "/home/mr-snow/alice_cyberland/venv_stable/lib/python3.10/site-packages/telegram/request/_baserequest.py", line 198, in post
    result = await self._request_wrapper(
  File "/home/mr-snow/alice_cyberland/venv_stable/lib/python3.10/site-packages/telegram/request/_baserequest.py", line 375, in _request_wrapper
    raise exception
telegram.error.Conflict: Conflict: terminated by other getUpdates request; make sure that only one bot instance is running
14:41:32 telegram.ext.Updater ERROR Exception happened while polling for updates.
Traceback (most recent call last):
  File "/home/mr-snow/alice_cyberland/venv_stable/lib/python3.10/site-packages/telegram/ext/_utils/networkloop.py", line 161, in network_retry_loop
    await do_action()
  File "/home/mr-snow/alice_cyberland/venv_stable/lib/python3.10/site-packages/telegram/ext/_utils/networkloop.py", line 154, in do_action
    action_cb_task.result()
  File "/home/mr-snow/alice_cyberland/venv_stable/lib/python3.10/site-packages/telegram/ext/_updater.py", line 340, in polling_action_cb
    updates = await self.bot.get_updates(
  File "/home/mr-snow/alice_cyberland/venv_stable/lib/python3.10/site-packages/telegram/ext/_extbot.py", line 672, in get_updates
    updates = await super().get_updates(
  File "/home/mr-snow/alice_cyberland/venv_stable/lib/python3.10/site-packages/telegram/_bot.py", line 4865, in get_updates
    await self._post(
  File "/home/mr-snow/alice_cyberland/venv_stable/lib/python3.10/site-packages/telegram/_bot.py", line 704, in _post
    return await self._do_post(
  File "/home/mr-snow/alice_cyberland/venv_stable/lib/python3.10/site-packages/telegram/ext/_extbot.py", line 370, in _do_post
    return await super()._do_post(
  File "/home/mr-snow/alice_cyberland/venv_stable/lib/python3.10/site-packages/telegram/_bot.py", line 733, in _do_post
    result = await request.post(
  File "/home/mr-snow/alice_cyberland/venv_stable/lib/python3.10/site-packages/telegram/request/_baserequest.py", line 198, in post
    result = await self._request_wrapper(
  File "/home/mr-snow/alice_cyberland/venv_stable/lib/python3.10/site-packages/telegram/request/_baserequest.py", line 375, in _request_wrapper
    raise exception
telegram.error.Conflict: Conflict: terminated by other getUpdates request; make sure that only one bot instance is running
14:42:06 telegram.ext.Updater ERROR Exception happened while polling for updates.
Traceback (most recent call last):
  File "/home/mr-snow/alice_cyberland/venv_stable/lib/python3.10/site-packages/telegram/ext/_utils/networkloop.py", line 161, in network_retry_loop
    await do_action()
  File "/home/mr-snow/alice_cyberland/venv_stable/lib/python3.10/site-packages/telegram/ext/_utils/networkloop.py", line 154, in do_action
    action_cb_task.result()
  File "/home/mr-snow/alice_cyberland/venv_stable/lib/python3.10/site-packages/telegram/ext/_updater.py", line 340, in polling_action_cb
    updates = await self.bot.get_updates(
  File "/home/mr-snow/alice_cyberland/venv_stable/lib/python3.10/site-packages/telegram/ext/_extbot.py", line 672, in get_updates
    updates = await super().get_updates(
  File "/home/mr-snow/alice_cyberland/venv_stable/lib/python3.10/site-packages/telegram/_bot.py", line 4865, in get_updates
    await self._post(
  File "/home/mr-snow/alice_cyberland/venv_stable/lib/python3.10/site-packages/telegram/_bot.py", line 704, in _post
    return await self._do_post(
  File "/home/mr-snow/alice_cyberland/venv_stable/lib/python3.10/site-packages/telegram/ext/_extbot.py", line 370, in _do_post
    return await super()._do_post(
  File "/home/mr-snow/alice_cyberland/venv_stable/lib/python3.10/site-packages/telegram/_bot.py", line 733, in _do_post
    result = await request.post(
  File "/home/mr-snow/alice_cyberland/venv_stable/lib/python3.10/site-packages/telegram/request/_baserequest.py", line 198, in post
    result = await self._request_wrapper(
  File "/home/mr-snow/alice_cyberland/venv_stable/lib/python3.10/site-packages/telegram/request/_baserequest.py", line 375, in _request_wrapper
    raise exception
telegram.error.Conflict: Conflict: terminated by other getUpdates request; make sure that only one bot instance is running
14:42:41 telegram.ext.Updater ERROR Exception happened while polling for updates.
Traceback (most recent call last):
  File "/home/mr-snow/alice_cyberland/venv_stable/lib/python3.10/site-packages/telegram/ext/_utils/networkloop.py", line 161, in network_retry_loop
    await do_action()
  File "/home/mr-snow/alice_cyberland/venv_stable/lib/python3.10/site-packages/telegram/ext/_utils/networkloop.py", line 154, in do_action
    action_cb_task.result()
  File "/home/mr-snow/alice_cyberland/venv_stable/lib/python3.10/site-packages/telegram/ext/_updater.py", line 340, in polling_action_cb
    updates = await self.bot.get_updates(
  File "/home/mr-snow/alice_cyberland/venv_stable/lib/python3.10/site-packages/telegram/ext/_extbot.py", line 672, in get_updates
    updates = await super().get_updates(
  File "/home/mr-snow/alice_cyberland/venv_stable/lib/python3.10/site-packages/telegram/_bot.py", line 4865, in get_updates
    await self._post(
  File "/home/mr-snow/alice_cyberland/venv_stable/lib/python3.10/site-packages/telegram/_bot.py", line 704, in _post
    return await self._do_post(
  File "/home/mr-snow/alice_cyberland/venv_stable/lib/python3.10/site-packages/telegram/ext/_extbot.py", line 370, in _do_post
    return await super()._do_post(
  File "/home/mr-snow/alice_cyberland/venv_stable/lib/python3.10/site-packages/telegram/_bot.py", line 733, in _do_post
    result = await request.post(
  File "/home/mr-snow/alice_cyberland/venv_stable/lib/python3.10/site-packages/telegram/request/_baserequest.py", line 198, in post
    result = await self._request_wrapper(
  File "/home/mr-snow/alice_cyberland/venv_stable/lib/python3.10/site-packages/telegram/request/_baserequest.py", line 375, in _request_wrapper
    raise exception
telegram.error.Conflict: Conflict: terminated by other getUpdates request; make sure that only one bot instance is running
14:43:15 telegram.ext.Updater ERROR Exception happened while polling for updates.
Traceback (most recent call last):
  File "/home/mr-snow/alice_cyberland/venv_stable/lib/python3.10/site-packages/telegram/ext/_utils/networkloop.py", line 161, in network_retry_loop
    await do_action()
  File "/home/mr-snow/alice_cyberland/venv_stable/lib/python3.10/site-packages/telegram/ext/_utils/networkloop.py", line 154, in do_action
    action_cb_task.result()
  File "/home/mr-snow/alice_cyberland/venv_stable/lib/python3.10/site-packages/telegram/ext/_updater.py", line 340, in polling_action_cb
    updates = await self.bot.get_updates(
  File "/home/mr-snow/alice_cyberland/venv_stable/lib/python3.10/site-packages/telegram/ext/_extbot.py", line 672, in get_updates
    updates = await super().get_updates(
  File "/home/mr-snow/alice_cyberland/venv_stable/lib/python3.10/site-packages/telegram/_bot.py", line 4865, in get_updates
    await self._post(
  File "/home/mr-snow/alice_cyberland/venv_stable/lib/python3.10/site-packages/telegram/_bot.py", line 704, in _post
    return await self._do_post(
  File "/home/mr-snow/alice_cyberland/venv_stable/lib/python3.10/site-packages/telegram/ext/_extbot.py", line 370, in _do_post
    return await super()._do_post(
  File "/home/mr-snow/alice_cyberland/venv_stable/lib/python3.10/site-packages/telegram/_bot.py", line 733, in _do_post
    result = await request.post(
  File "/home/mr-snow/alice_cyberland/venv_stable/lib/python3.10/site-packages/telegram/request/_baserequest.py", line 198, in post
    result = await self._request_wrapper(
  File "/home/mr-snow/alice_cyberland/venv_stable/lib/python3.10/site-packages/telegram/request/_baserequest.py", line 375, in _request_wrapper
    raise exception
telegram.error.Conflict: Conflict: terminated by other getUpdates request; make sure that only one bot instance is running
14:43:49 telegram.ext.Updater ERROR Exception happened while polling for updates.
Traceback (most recent call last):
  File "/home/mr-snow/alice_cyberland/venv_stable/lib/python3.10/site-packages/telegram/ext/_utils/networkloop.py", line 161, in network_retry_loop
    await do_action()
  File "/home/mr-snow/alice_cyberland/venv_stable/lib/python3.10/site-packages/telegram/ext/_utils/networkloop.py", line 154, in do_action
    action_cb_task.result()
  File "/home/mr-snow/alice_cyberland/venv_stable/lib/python3.10/site-packages/telegram/ext/_updater.py", line 340, in polling_action_cb
    updates = await self.bot.get_updates(
  File "/home/mr-snow/alice_cyberland/venv_stable/lib/python3.10/site-packages/telegram/ext/_extbot.py", line 672, in get_updates
    updates = await super().get_updates(
  File "/home/mr-snow/alice_cyberland/venv_stable/lib/python3.10/site-packages/telegram/_bot.py", line 4865, in get_updates
    await self._post(
  File "/home/mr-snow/alice_cyberland/venv_stable/lib/python3.10/site-packages/telegram/_bot.py", line 704, in _post
    return await self._do_post(
  File "/home/mr-snow/alice_cyberland/venv_stable/lib/python3.10/site-packages/telegram/ext/_extbot.py", line 370, in _do_post
    return await super()._do_post(
  File "/home/mr-snow/alice_cyberland/venv_stable/lib/python3.10/site-packages/telegram/_bot.py", line 733, in _do_post
    result = await request.post(
  File "/home/mr-snow/alice_cyberland/venv_stable/lib/python3.10/site-packages/telegram/request/_baserequest.py", line 198, in post
    result = await self._request_wrapper(
  File "/home/mr-snow/alice_cyberland/venv_stable/lib/python3.10/site-packages/telegram/request/_baserequest.py", line 375, in _request_wrapper
    raise exception
telegram.error.Conflict: Conflict: terminated by other getUpdates request; make sure that only one bot instance is running
14:44:24 telegram.ext.Updater ERROR Exception happened while polling for updates.
Traceback (most recent call last):
  File "/home/mr-snow/alice_cyberland/venv_stable/lib/python3.10/site-packages/telegram/ext/_utils/networkloop.py", line 161, in network_retry_loop
    await do_action()
  File "/home/mr-snow/alice_cyberland/venv_stable/lib/python3.10/site-packages/telegram/ext/_utils/networkloop.py", line 154, in do_action
    action_cb_task.result()
  File "/home/mr-snow/alice_cyberland/venv_stable/lib/python3.10/site-packages/telegram/ext/_updater.py", line 340, in polling_action_cb
    updates = await self.bot.get_updates(
  File "/home/mr-snow/alice_cyberland/venv_stable/lib/python3.10/site-packages/telegram/ext/_extbot.py", line 672, in get_updates
    updates = await super().get_updates(
  File "/home/mr-snow/alice_cyberland/venv_stable/lib/python3.10/site-packages/telegram/_bot.py", line 4865, in get_updates
    await self._post(
  File "/home/mr-snow/alice_cyberland/venv_stable/lib/python3.10/site-packages/telegram/_bot.py", line 704, in _post
    return await self._do_post(
  File "/home/mr-snow/alice_cyberland/venv_stable/lib/python3.10/site-packages/telegram/ext/_extbot.py", line 370, in _do_post
    return await super()._do_post(
  File "/home/mr-snow/alice_cyberland/venv_stable/lib/python3.10/site-packages/telegram/_bot.py", line 733, in _do_post
    result = await request.post(
  File "/home/mr-snow/alice_cyberland/venv_stable/lib/python3.10/site-packages/telegram/request/_baserequest.py", line 198, in post
    result = await self._request_wrapper(
  File "/home/mr-snow/alice_cyberland/venv_stable/lib/python3.10/site-packages/telegram/request/_baserequest.py", line 375, in _request_wrapper
    raise exception
telegram.error.Conflict: Conflict: terminated by other getUpdates request; make sure that only one bot instance is running
